<?xml version="1.0" encoding="UTF-8"?>
<!-- Generated by org.testng.reporters.JUnitReportReporter -->
<testsuite hostname="Notebook" name="com.qa.tests.NewTest" tests="1" failures="0" timestamp="29 Sep 2019 06:48:56 GMT" time="2.283" errors="0">
  <testcase name="openGmail" time="2.283" classname="com.qa.tests.NewTest"/>
</testsuite> <!-- com.qa.tests.NewTest -->
